<?xml version="1.0" encoding="UTF-8"?>
<!-- Generated by org.testng.reporters.JUnitXMLReporter -->
<testsuite ignored="0" hostname="LAPTOP-T1RAV8IF" failures="0" tests="1" name="ModuleOneTest" time="0.1" errors="0" timestamp="2022-01-25T17:12:54 IST">
  <testcase classname="testNGScripts.DataParamTerst" name="@BeforeTest setUp" time="-1.643110974622E9">
    <failure type="org.testng.TestNGException" message="
Parameter &amp;apos;broswer&amp;apos; is required by BeforeTest on method setUp but has not been marked @Optional or defined
in C:\Users\Ajay Patra\eclipse-workspace\mvnsamplesB1\testng.xml">
      <![CDATA[org.testng.TestNGException: 
Parameter 'broswer' is required by BeforeTest on method setUp but has not been marked @Optional or defined
in C:\Users\Ajay Patra\eclipse-workspace\mvnsamplesB1\testng.xml
... Removed 21 stack frames]]>
    </failure>
  </testcase> <!-- @BeforeTest setUp -->
  <testcase classname="testNGScripts.DataParamTerst" name="@AfterTest tearDown" time="-1.64311097471E9">
    <skipped/>
  </testcase> <!-- @AfterTest tearDown -->
  <testcase classname="testNGScripts.DataParamTerst" name="LoginTest" time="0.0">
    <skipped/>
  </testcase> <!-- LoginTest -->
</testsuite> <!-- ModuleOneTest -->
